#
# There is insufficient memory for the Java Runtime Environment to continue.
# Native memory allocation (mmap) failed to map 232783872 bytes for G1 virtual space
# Possible reasons:
#   The system is out of physical RAM or swap space
#   The process is running with CompressedOops enabled, and the Java Heap may be blocking the growth of the native heap
# Possible solutions:
#   Reduce memory load on the system
#   Increase physical memory or swap space
#   Check if swap backing store is full
#   Decrease Java heap size (-Xmx/-Xms)
#   Decrease number of Java threads
#   Decrease Java thread stack sizes (-Xss)
#   Set larger code cache with -XX:ReservedCodeCacheSize=
#   JVM is running with Zero Based Compressed Oops mode in which the Java heap is
#     placed in the first 32GB address space. The Java Heap base address is the
#     maximum limit for the native heap growth. Please use -XX:HeapBaseMinAddress
#     to set the Java Heap base and to place the Java Heap above 32GB virtual address.
# This output file may be truncated or incomplete.
#
#  Out of Memory Error (os_windows.cpp:3769), pid=26348, tid=21424
#
# JRE version:  (17.0.6) (build )
# Java VM: OpenJDK 64-Bit Server VM (17.0.6+0-b2043.56-10027231, mixed mode, sharing, tiered, compressed oops, compressed class ptrs, g1 gc, windows-amd64)
# No core dump will be written. Minidumps are not enabled by default on client versions of Windows
#

---------------  S U M M A R Y ------------

Command Line: git4idea.http.GitAskPassApp Username for 'https://github.com': 

Host: AMD Ryzen 7 5825U with Radeon Graphics         , 16 cores, 13G,  Windows 11 , 64 bit Build 22621 (10.0.22621.4974)
Time: Wed Apr 16 18:02:40 2025 Hora est. Pacífico, Sudamérica elapsed time: 0.015841 seconds (0d 0h 0m 0s)

---------------  T H R E A D  ---------------

Current thread (0x000002c73252ea80):  JavaThread "Unknown thread" [_thread_in_vm, id=21424, stack(0x000000e227300000,0x000000e227400000)]

Stack: [0x000000e227300000,0x000000e227400000]
Native frames: (J=compiled Java code, j=interpreted, Vv=VM code, C=native code)
V  [jvm.dll+0x683c9a]
V  [jvm.dll+0x8427a4]
V  [jvm.dll+0x843f9e]
V  [jvm.dll+0x844603]
V  [jvm.dll+0x249b75]
V  [jvm.dll+0x680b69]
V  [jvm.dll+0x67505a]
V  [jvm.dll+0x309acb]
V  [jvm.dll+0x310f86]
V  [jvm.dll+0x3608ee]
V  [jvm.dll+0x360b1f]
V  [jvm.dll+0x2dfbf8]
V  [jvm.dll+0x2e0b64]
V  [jvm.dll+0x814091]
V  [jvm.dll+0x36e6a1]
V  [jvm.dll+0x7f35cc]
V  [jvm.dll+0x3f0e8f]
V  [jvm.dll+0x3f29d1]
C  [jli.dll+0x526b]
C  [ucrtbase.dll+0x29333]
C  [KERNEL32.DLL+0x1259d]
C  [ntdll.dll+0x5af38]


---------------  P R O C E S S  ---------------

Threads class SMR info:
_java_thread_list=0x00007ff8b4bec058, length=0, elements={
}

Java Threads: ( => current thread )

Other Threads:
  0x000002c732591520 GCTaskThread "GC Thread#0" [stack: 0x000000e227400000,0x000000e227500000] [id=10440]
  0x000002c7325a01f0 ConcurrentGCThread "G1 Main Marker" [stack: 0x000000e227500000,0x000000e227600000] [id=19928]
  0x000002c7325a13a0 ConcurrentGCThread "G1 Conc#0" [stack: 0x000000e227600000,0x000000e227700000] [id=27708]

[error occurred during error reporting (printing all threads), id 0xc0000005, EXCEPTION_ACCESS_VIOLATION (0xc0000005) at pc=0x00007ff8b43a0797]

VM state: not at safepoint (not fully initialized)

VM Mutex/Monitor currently owned by a thread:  ([mutex/lock_event])
[0x000002c732528af0] Heap_lock - owner thread: 0x000002c73252ea80

Heap address: 0x0000000722600000, size: 3546 MB, Compressed Oops mode: Zero based, Oop shift amount: 3

CDS archive(s) mapped at: [0x0000000000000000-0x0000000000000000-0x0000000000000000), size 0, SharedBaseAddress: 0x0000000800000000, ArchiveRelocationMode: 0.
Narrow klass base: 0x0000000000000000, Narrow klass shift: 0, Narrow klass range: 0x0

GC Precious Log:
<Empty>

Heap:
 garbage-first heap   total 0K, used 0K [0x0000000722600000, 0x0000000800000000)
  region size 2048K, 0 young (0K), 0 survivors (0K)

[error occurred during error reporting (printing heap information), id 0xc0000005, EXCEPTION_ACCESS_VIOLATION (0xc0000005) at pc=0x00007ff8b478da89]

GC Heap History (0 events):
No events

Dll operation events (1 events):
Event: 0.009 Loaded shared library D:\lu\android\jbr\bin\java.dll

Deoptimization events (0 events):
No events

Classes unloaded (0 events):
No events

Classes redefined (0 events):
No events

Internal exceptions (0 events):
No events

VM Operations (0 events):
No events

Events (0 events):
No events


Dynamic libraries:
0x00007ff736b80000 - 0x00007ff736b8a000 	D:\lu\android\jbr\bin\java.exe
0x00007ff9802b0000 - 0x00007ff9804c7000 	C:\WINDOWS\SYSTEM32\ntdll.dll
0x00007ff97dfb0000 - 0x00007ff97e074000 	C:\WINDOWS\System32\KERNEL32.DLL
0x00007ff97d890000 - 0x00007ff97dc61000 	C:\WINDOWS\System32\KERNELBASE.dll
0x00007ff97dc70000 - 0x00007ff97dd81000 	C:\WINDOWS\System32\ucrtbase.dll
0x00007ff962be0000 - 0x00007ff962bf7000 	D:\lu\android\jbr\bin\jli.dll
0x00007ff95ff60000 - 0x00007ff95ff7b000 	D:\lu\android\jbr\bin\VCRUNTIME140.dll
0x00007ff97fab0000 - 0x00007ff97fc61000 	C:\WINDOWS\System32\USER32.dll
0x00007ff97d860000 - 0x00007ff97d886000 	C:\WINDOWS\System32\win32u.dll
0x00007ff96c050000 - 0x00007ff96c2e2000 	C:\WINDOWS\WinSxS\amd64_microsoft.windows.common-controls_6595b64144ccf1df_6.0.22621.4830_none_270fe7d773858e80\COMCTL32.dll
0x00007ff97ebf0000 - 0x00007ff97ec19000 	C:\WINDOWS\System32\GDI32.dll
0x00007ff97fd80000 - 0x00007ff97fe27000 	C:\WINDOWS\System32\msvcrt.dll
0x00007ff97d3f0000 - 0x00007ff97d50b000 	C:\WINDOWS\System32\gdi32full.dll
0x00007ff97d710000 - 0x00007ff97d7aa000 	C:\WINDOWS\System32\msvcp_win.dll
0x00007ff97eab0000 - 0x00007ff97eae1000 	C:\WINDOWS\System32\IMM32.DLL
0x00007ff9758e0000 - 0x00007ff9758ec000 	D:\lu\android\jbr\bin\vcruntime140_1.dll
0x00007ff94e620000 - 0x00007ff94e6ad000 	D:\lu\android\jbr\bin\msvcp140.dll
0x00007ff8b40b0000 - 0x00007ff8b4d1e000 	D:\lu\android\jbr\bin\server\jvm.dll
0x00007ff97fc70000 - 0x00007ff97fd21000 	C:\WINDOWS\System32\ADVAPI32.dll
0x00007ff97efc0000 - 0x00007ff97f067000 	C:\WINDOWS\System32\sechost.dll
0x00007ff97d830000 - 0x00007ff97d858000 	C:\WINDOWS\System32\bcrypt.dll
0x00007ff97e500000 - 0x00007ff97e614000 	C:\WINDOWS\System32\RPCRT4.dll
0x00007ff978510000 - 0x00007ff978519000 	C:\WINDOWS\SYSTEM32\WSOCK32.dll
0x00007ff978460000 - 0x00007ff978494000 	C:\WINDOWS\SYSTEM32\WINMM.dll
0x00007ff974ad0000 - 0x00007ff974ada000 	C:\WINDOWS\SYSTEM32\VERSION.dll
0x00007ff97eb70000 - 0x00007ff97ebe1000 	C:\WINDOWS\System32\WS2_32.dll
0x00007ff97c440000 - 0x00007ff97c458000 	C:\WINDOWS\SYSTEM32\kernel.appcore.dll
0x00007ff978500000 - 0x00007ff97850a000 	D:\lu\android\jbr\bin\jimage.dll
0x00007ff976f00000 - 0x00007ff977132000 	C:\WINDOWS\SYSTEM32\DBGHELP.DLL
0x00007ff97ec20000 - 0x00007ff97efb0000 	C:\WINDOWS\System32\combase.dll
0x00007ff980100000 - 0x00007ff9801d7000 	C:\WINDOWS\System32\OLEAUT32.dll
0x00007ff96ba20000 - 0x00007ff96ba52000 	C:\WINDOWS\SYSTEM32\dbgcore.DLL
0x00007ff97df00000 - 0x00007ff97df7b000 	C:\WINDOWS\System32\bcryptPrimitives.dll
0x00007ff955360000 - 0x00007ff955385000 	D:\lu\android\jbr\bin\java.dll

dbghelp: loaded successfully - version: 4.0.5 - missing functions: none
symbol engine: initialized successfully - sym options: 0x614 - pdb path: .;D:\lu\android\jbr\bin;C:\WINDOWS\SYSTEM32;C:\WINDOWS\WinSxS\amd64_microsoft.windows.common-controls_6595b64144ccf1df_6.0.22621.4830_none_270fe7d773858e80;D:\lu\android\jbr\bin\server

VM Arguments:
java_command: git4idea.http.GitAskPassApp Username for 'https://github.com': 
java_class_path (initial): D:/lu/android/plugins/vcs-git/lib/git4idea-rt.jar;D:/lu/android/lib/externalProcess-rt.jar;D:/lu/android/lib/app.jar;D:/lu/android/lib/3rd-party-rt.jar
Launcher Type: SUN_STANDARD

[Global flags]
     intx CICompilerCount                          = 12                                        {product} {ergonomic}
     uint ConcGCThreads                            = 3                                         {product} {ergonomic}
     uint G1ConcRefinementThreads                  = 13                                        {product} {ergonomic}
   size_t G1HeapRegionSize                         = 2097152                                   {product} {ergonomic}
    uintx GCDrainStackTargetSize                   = 64                                        {product} {ergonomic}
   size_t InitialHeapSize                          = 232783872                                 {product} {ergonomic}
   size_t MarkStackSize                            = 4194304                                   {product} {ergonomic}
   size_t MaxHeapSize                              = 3718250496                                {product} {ergonomic}
   size_t MinHeapDeltaBytes                        = 2097152                                   {product} {ergonomic}
   size_t MinHeapSize                              = 8388608                                   {product} {ergonomic}
    uintx NonNMethodCodeHeapSize                   = 7602480                                {pd product} {ergonomic}
    uintx NonProfiledCodeHeapSize                  = 122027880                              {pd product} {ergonomic}
    uintx ProfiledCodeHeapSize                     = 122027880                              {pd product} {ergonomic}
    uintx ReservedCodeCacheSize                    = 251658240                              {pd product} {ergonomic}
     bool SegmentedCodeCache                       = true                                      {product} {ergonomic}
   size_t SoftMaxHeapSize                          = 3718250496                             {manageable} {ergonomic}
     bool UseCompressedClassPointers               = true                           {product lp64_product} {ergonomic}
     bool UseCompressedOops                        = true                           {product lp64_product} {ergonomic}
     bool UseG1GC                                  = true                                      {product} {ergonomic}
     bool UseLargePagesIndividualAllocation        = false                                  {pd product} {ergonomic}

Logging:
Log output configuration:
 #0: stdout all=warning uptime,level,tags
 #1: stderr all=off uptime,level,tags

Environment Variables:
PATH=D:\Git\mingw64\libexec\git-core;D:\Git\mingw64\libexec\git-core;D:\Git\mingw64\bin;D:\Git\usr\bin;C:\Users\USER\bin;C:\Program Files\Common Files\Oracle\Java\javapath;C:\WINDOWS\system32;C:\WINDOWS;C:\WINDOWS\System32\Wbem;C:\WINDOWS\System32\WindowsPowerShell\v1.0;C:\WINDOWS\System32\OpenSSH;D:\lu\jdk-11.0.19_windows-x64_bin\jdk-11.0.19\bin;D:\APP\bin\php\php8.2.0;C:\ProgramData\ComposerSetup\bin;D:\Microsoft VS Code\bin;D:\nodejs;D:\Git\cmd;D:\src\flutter\bin;C:\Users\USER\AppData\Local\Microsoft\WindowsApps;C:\Users\USER\AppData\Roaming\Composer\vendor\bin;C:\Users\USER\AppData\Roaming\npm
USERNAME=USER
DISPLAY=:0.0
LC_ALL=en_US.UTF-8
TERM=xterm-256color
TMPDIR=C:\Users\USER\AppData\Local\Temp
OS=Windows_NT
PROCESSOR_IDENTIFIER=AMD64 Family 25 Model 80 Stepping 0, AuthenticAMD
TMP=C:\Users\USER\AppData\Local\Temp
TEMP=C:\Users\USER\AppData\Local\Temp


JNI global refs:

[error occurred during error reporting (JNI global references), id 0xc0000005, EXCEPTION_ACCESS_VIOLATION (0xc0000005) at pc=0x00007ff8b4167a10]


---------------  S Y S T E M  ---------------

OS:
 Windows 11 , 64 bit Build 22621 (10.0.22621.4974)
OS uptime: 8 days 20:34 hours

CPU: total 16 (initial active 16) (16 cores per cpu, 2 threads per core) family 25 model 80 stepping 0 microcode 0x0, cx8, cmov, fxsr, ht, mmx, 3dnowpref, sse, sse2, sse3, ssse3, sse4a, sse4.1, sse4.2, popcnt, lzcnt, tsc, tscinvbit, avx, avx2, aes, erms, clmul, bmi1, bmi2, adx, sha, fma, vzeroupper, clflush, clflushopt

Memory: 4k page, system-wide physical 14181M (467M free)
TotalPageFile size 37934M (AvailPageFile size 88M)
current process WorkingSet (physical memory assigned to process): 11M, peak: 11M
current process commit charge ("private bytes"): 70M, peak: 292M

vm_info: OpenJDK 64-Bit Server VM (17.0.6+0-b2043.56-10027231) for windows-amd64 JRE (17.0.6+0-b2043.56-10027231), built on Apr 28 2023 00:43:19 by "androidbuild" with MS VC++ 16.10 / 16.11 (VS2019)

END.
